Build started 16/09/2016 16:01:11.
     1>Project "C:\Users\Ferran\Desktop\Videojocs\videojocsUPC\OpenGL2DGame\p03 (Bubble returns!)\2DEngine.vcxproj" on node 2 (Build target(s)).
     1>ClCompile:
         C:\Program Files (x86)\Microsoft Visual Studio 12.0\VC\bin\CL.exe /c /I"C:\Users\Ferran\Desktop\Videojocs\videojocsUPC\OpenGL2DGame\p03 (Bubble returns!)\freeglut\include" /ZI /nologo /W3 /WX- /Od /Oy- /D WIN32 /D _DEBUG /D _CONSOLE /D _VC80_UPGRADE=0x0710 /D _MBCS /Gm /EHsc /RTC1 /MTd /GS /fp:precise /Zc:wchar_t /Zc:forScope /Fo"Debug\\" /Fd"Debug\vc120.pdb" /Gd /TP /analyze- /errorReport:prompt cBicho.cpp cData.cpp cGame.cpp cPlayer.cpp cScene.cpp cTexture.cpp GLUTMain.cpp
         GLUTMain.cpp
         cTexture.cpp
         cScene.cpp
     1>c:\users\ferran\desktop\videojocs\videojocsupc\opengl2dgame\p03 (bubble returns!)\cscene.cpp(23): warning C4996: 'sprintf': This function or variable may be unsafe. Consider using sprintf_s instead. To disable deprecation, use _CRT_SECURE_NO_WARNINGS. See online help for details.
                 c:\program files (x86)\microsoft visual studio 12.0\vc\include\stdio.h(356) : see declaration of 'sprintf'
     1>c:\users\ferran\desktop\videojocs\videojocsupc\opengl2dgame\p03 (bubble returns!)\cscene.cpp(24): warning C4996: 'sprintf': This function or variable may be unsafe. Consider using sprintf_s instead. To disable deprecation, use _CRT_SECURE_NO_WARNINGS. See online help for details.
                 c:\program files (x86)\microsoft visual studio 12.0\vc\include\stdio.h(356) : see declaration of 'sprintf'
     1>c:\users\ferran\desktop\videojocs\videojocsupc\opengl2dgame\p03 (bubble returns!)\cscene.cpp(26): warning C4996: 'fopen': This function or variable may be unsafe. Consider using fopen_s instead. To disable deprecation, use _CRT_SECURE_NO_WARNINGS. See online help for details.
                 c:\program files (x86)\microsoft visual studio 12.0\vc\include\stdio.h(211) : see declaration of 'fopen'
     1>c:\users\ferran\desktop\videojocs\videojocsupc\opengl2dgame\p03 (bubble returns!)\cscene.cpp(40): warning C4996: 'fscanf': This function or variable may be unsafe. Consider using fscanf_s instead. To disable deprecation, use _CRT_SECURE_NO_WARNINGS. See online help for details.
                 c:\program files (x86)\microsoft visual studio 12.0\vc\include\stdio.h(230) : see declaration of 'fscanf'
     1>c:\users\ferran\desktop\videojocs\videojocsupc\opengl2dgame\p03 (bubble returns!)\cscene.cpp(65): warning C4996: 'fscanf': This function or variable may be unsafe. Consider using fscanf_s instead. To disable deprecation, use _CRT_SECURE_NO_WARNINGS. See online help for details.
                 c:\program files (x86)\microsoft visual studio 12.0\vc\include\stdio.h(230) : see declaration of 'fscanf'
         cPlayer.cpp
         cGame.cpp
         cData.cpp
         cBicho.cpp
         Generating Code...
       Link:
         C:\Program Files (x86)\Microsoft Visual Studio 12.0\VC\bin\link.exe /ERRORREPORT:PROMPT /OUT:"Debug\2DEngine.exe" /INCREMENTAL /NOLOGO /LIBPATH:"C:\Users\Ferran\Desktop\Videojocs\videojocsUPC\OpenGL2DGame\p03 (Bubble returns!)\freeglut\lib" kernel32.lib user32.lib gdi32.lib winspool.lib comdlg32.lib advapi32.lib shell32.lib ole32.lib oleaut32.lib uuid.lib odbc32.lib odbccp32.lib /MANIFEST /MANIFESTUAC:"level='asInvoker' uiAccess='false'" /manifest:embed /DEBUG /PDB:"Debug\2DEngine.pdb" /SUBSYSTEM:CONSOLE /TLBID:1 /DYNAMICBASE /NXCOMPAT /IMPLIB:"Debug\2DEngine.lib" /MACHINE:X86 /SAFESEH Debug\cBicho.obj
         Debug\cData.obj
         Debug\cGame.obj
         Debug\cPlayer.obj
         Debug\cScene.obj
         Debug\cTexture.obj
         Debug\GLUTMain.obj
     1>cBicho.obj : warning LNK4075: ignoring '/EDITANDCONTINUE' due to '/SAFESEH' specification
         2DEngine.vcxproj -> C:\Users\Ferran\Desktop\Videojocs\videojocsUPC\OpenGL2DGame\p03 (Bubble returns!)\Debug\2DEngine.exe
     1>Done Building Project "C:\Users\Ferran\Desktop\Videojocs\videojocsUPC\OpenGL2DGame\p03 (Bubble returns!)\2DEngine.vcxproj" (Build target(s)).

Build succeeded.

Time Elapsed 00:00:04.13
